<?xml version="1.0" encoding="UTF-8"?>
<!-- Generated by org.testng.reporters.JUnitXMLReporter -->
<testsuite ignored="0" hostname="Legion" failures="0" tests="5" name="RESTassuredTest1" time="3.198" errors="0" timestamp="2022-08-03T15:40:06 CEST">
  <testcase classname="PetTest" name="whenPetCreated_thenOK" time="1.9"/>
  <testcase classname="PetTest" name="whenPetGetContentMatch_thenOK" time="0.702"/>
  <testcase classname="PetTest" name="whenPetUpdate_thenOK" time="0.156"/>
  <testcase classname="PetTest" name="whenPetGetUpdateContentMatch_thenOK" time="0.19"/>
  <testcase classname="PetTest" name="whenPetDelete_thenOK" time="0.176"/>
</testsuite> <!-- RESTassuredTest1 -->
