<?xml version="1.0" encoding="UTF-8"?>
<testng-results ignored="0" total="5" passed="5" failed="0" skipped="0">
  <reporter-output>
  </reporter-output>
  <suite started-at="2022-08-03T15:40:03 CEST" name="Default Suite" finished-at="2022-08-03T15:40:06 CEST" duration-ms="3198">
    <groups>
    </groups>
    <test started-at="2022-08-03T15:40:03 CEST" name="RESTassuredTest1" finished-at="2022-08-03T15:40:06 CEST" duration-ms="3198">
      <class name="PetTest">
        <test-method signature="whenPetCreated_thenOK()[pri:1, instance:PetTest@68267da0]" started-at="2022-08-03T15:40:03 CEST" name="whenPetCreated_thenOK" finished-at="2022-08-03T15:40:05 CEST" duration-ms="1900" status="PASS">
          <reporter-output>
          </reporter-output>
        </test-method> <!-- whenPetCreated_thenOK -->
        <test-method signature="whenPetGetContentMatch_thenOK()[pri:2, instance:PetTest@68267da0]" started-at="2022-08-03T15:40:05 CEST" name="whenPetGetContentMatch_thenOK" finished-at="2022-08-03T15:40:05 CEST" duration-ms="702" status="PASS">
          <reporter-output>
          </reporter-output>
        </test-method> <!-- whenPetGetContentMatch_thenOK -->
        <test-method signature="whenPetUpdate_thenOK()[pri:3, instance:PetTest@68267da0]" started-at="2022-08-03T15:40:05 CEST" name="whenPetUpdate_thenOK" finished-at="2022-08-03T15:40:06 CEST" duration-ms="156" status="PASS">
          <reporter-output>
          </reporter-output>
        </test-method> <!-- whenPetUpdate_thenOK -->
        <test-method signature="whenPetGetUpdateContentMatch_thenOK()[pri:4, instance:PetTest@68267da0]" started-at="2022-08-03T15:40:06 CEST" name="whenPetGetUpdateContentMatch_thenOK" finished-at="2022-08-03T15:40:06 CEST" duration-ms="190" status="PASS">
          <reporter-output>
          </reporter-output>
        </test-method> <!-- whenPetGetUpdateContentMatch_thenOK -->
        <test-method signature="whenPetDelete_thenOK()[pri:5, instance:PetTest@68267da0]" started-at="2022-08-03T15:40:06 CEST" name="whenPetDelete_thenOK" finished-at="2022-08-03T15:40:06 CEST" duration-ms="176" status="PASS">
          <reporter-output>
          </reporter-output>
        </test-method> <!-- whenPetDelete_thenOK -->
      </class> <!-- PetTest -->
    </test> <!-- RESTassuredTest1 -->
  </suite> <!-- Default Suite -->
</testng-results>
